Arguments: 
  C:\Program Files\nodejs\node.exe C:\Users\Prakash\AppData\Roaming\npm\node_modules\yarn\bin\yarn.js init

PATH: 
  C:\Program Files (x86)\Common Files\Intel\Shared Libraries\redist\intel64\compiler;C:\Program Files (x86)\Common Files\Oracle\Java\javapath;C:\WINDOWS\system32;C:\WINDOWS;C:\WINDOWS\System32\Wbem;C:\WINDOWS\System32\WindowsPowerShell\v1.0\;C:\Program Files\Lenovo\Bluetooth Software\;C:\Program Files\Lenovo\Bluetooth Software\syswow64;C:\Program Files (x86)\GtkSharp\2.12\bin;C:\Program Files\Git\cmd;C:\Program Files\nodejs\;C:\Users\Prakash\AppData\Local\Android\Sdk\platform-tools;C:\Users\Prakash\Anaconda3;C:\Users\Prakash\Anaconda3\Library\mingw-w64\bin;C:\Users\Prakash\Anaconda3\Library\usr\bin;C:\Users\Prakash\Anaconda3\Library\bin;C:\Users\Prakash\Anaconda3\Scripts;C:\Users\Prakash\AppData\Local\Microsoft\WindowsApps;C:\Users\Prakash\AppData\Local\Programs\Microsoft VS Code\bin;C:\Users\Prakash\AppData\Roaming\npm;C:\Users\Prakash\AppData\Local\atom\bin

Yarn version: 
  1.22.0

Node version: 
  10.9.0

Platform: 
  win32 x64

Trace: 
  Error: canceled
      at Interface.<anonymous> (C:\Users\Prakash\AppData\Roaming\npm\node_modules\yarn\lib\cli.js:136987:13)
      at Interface.emit (events.js:182:13)
      at Interface._ttyWrite (readline.js:783:16)
      at ReadStream.onkeypress (readline.js:168:10)
      at ReadStream.emit (events.js:182:13)
      at emitKeys (internal/readline.js:422:14)
      at emitKeys.next (<anonymous>)
      at ReadStream.onData (readline.js:1022:36)
      at ReadStream.emit (events.js:182:13)
      at addChunk (_stream_readable.js:283:12)

npm manifest: 
  {
    "name": "user-registration-api",
    "version": "1.0.0",
    "description": "login with api",
    "main": "index.js",
    "scripts": {
      "start": "env-cmd -f ./.env nodemon src/app.js"
    },
    "author": "Prakash Reddy",
    "license": "MIT"
  }

yarn manifest: 
  No manifest

Lockfile: 
  No lockfile
